st-danko.htm  38  26
st-diana.htm  92  91
st-doslidy.htm  35  22
st-geroj1.htm  51  44
st-geroj2.htm  71  53
st-hamlet-new.htm  42  29
st-istoria.htm  70  45
st-ivasyk.htm  39  39
st-jogy.htm  42  31
st-kachechka.htm  51  29
st-katzapy.htm  93  78
st-litr.htm  393  74
st-maslo.htm  34  21
st-mgnovenie.htm  111  95
st-misce.htm  98  74
st-nirvana.htm  66  60
st-pavlik.htm  797  148
st-pizdetz.htm  123  114
st-repka.htm  112  109
st-rukh.htm  12  7
st-snobi.htm  52  43
st-svoboda.htm  5  2
st-utopia.htm  45  31
st-vasilisa.htm  73  54
den_kolgosp.txt  38  27
vostok.txt  58  44
yoko.txt  61  39
